<?xml version="1.0" encoding="utf-8"?><testsuites name="pytest tests"><testsuite name="pytest" errors="0" failures="0" skipped="0" tests="49" time="13.931" timestamp="2026-08-27T11:16:18.985224+00:00" hostname="agent-env-e2c88600-da9d-4267-a451-075ccf4f2711"><testcase classname="tests.backend_test.TestKlecbaBackend" name="test_00_root" time="0.142" /><testcase classname="tests.backend_test.TestKlecbaBackend" name="test_01_admin_login_success" time="0.613" /><testcase classname="tests.backend_test.TestKlecbaBackend" name="test_02_admin_login_wrong_password" time="0.299" /><testcase classname="tests.backend_test.TestKlecbaBackend" name="test_03_admin_login_wrong_email" time="0.085" /><testcase classname="tests.backend_test.TestKlecbaBackend" name="test_04_admin_login_missing_fields" time="0.069" /><testcase classname="tests.backend_test.TestKlecbaBackend" name="test_05_me_unauthenticated" time="0.060" /><testcase classname="tests.backend_test.TestKlecbaBackend" name="test_06_google_session_requires_session_id" time="0.076" /><testcase classname="tests.backend_test.TestKlecbaBackend" name="test_07_google_session_invalid_id" time="0.297" /><testcase classname="tests.backend_test.TestKlecbaBackend" name="test_10_seed" time="0.984" /><testcase classname="tests.backend_test.TestKlecbaBackend" name="test_11_seed_requires_admin" time="0.123" /><testcase classname="tests.backend_test.TestKlecbaBackend" name="test_12_structure_crud[departments-payload0]" time="0.548" /><testcase classname="tests.backend_test.TestKlecbaBackend" name="test_12_structure_crud[programs-payload1]" time="0.591" /><testcase classname="tests.backend_test.TestKlecbaBackend" name="test_12_structure_crud[academic_years-payload2]" time="0.462" /><testcase classname="tests.backend_test.TestKlecbaBackend" name="test_12_structure_crud[year_levels-payload3]" time="0.450" /><testcase classname="tests.backend_test.TestKlecbaBackend" name="test_12_structure_crud[semesters-payload4]" time="0.757" /><testcase classname="tests.backend_test.TestKlecbaBackend" name="test_12_structure_crud[divisions-payload5]" time="0.456" /><testcase classname="tests.backend_test.TestKlecbaBackend" name="test_12_structure_crud[subjects-payload6]" time="0.486" /><testcase classname="tests.backend_test.TestKlecbaBackend" name="test_13_structure_write_requires_auth[departments]" time="0.191" /><testcase classname="tests.backend_test.TestKlecbaBackend" name="test_13_structure_write_requires_auth[programs]" time="0.228" /><testcase classname="tests.backend_test.TestKlecbaBackend" name="test_13_structure_write_requires_auth[subjects]" time="0.148" /><testcase classname="tests.backend_test.TestKlecbaBackend" name="test_13_structure_write_requires_auth[divisions]" time="0.217" /><testcase classname="tests.backend_test.TestKlecbaBackend" name="test_14_structure_write_forbidden_for_student" time="0.448" /><testcase classname="tests.backend_test.TestKlecbaBackend" name="test_15_admin_only_endpoints_reject_student" time="0.284" /><testcase classname="tests.backend_test.TestKlecbaBackend" name="test_20_create_faculty_and_assignment" time="0.246" /><testcase classname="tests.backend_test.TestKlecbaBackend" name="test_21_assignment_validation" time="0.036" /><testcase classname="tests.backend_test.TestKlecbaBackend" name="test_22_faculty_requires_email" time="0.077" /><testcase classname="tests.backend_test.TestKlecbaBackend" name="test_23_assignments_reject_anon" time="0.077" /><testcase classname="tests.backend_test.TestKlecbaBackend" name="test_30_students_list_and_profile_upsert" time="0.196" /><testcase classname="tests.backend_test.TestKlecbaBackend" name="test_31_profile_requires_user_id" time="0.083" /><testcase classname="tests.backend_test.TestKlecbaBackend" name="test_40_template_lifecycle" time="0.387" /><testcase classname="tests.backend_test.TestKlecbaBackend" name="test_41_publish_missing_template" time="0.077" /><testcase classname="tests.backend_test.TestKlecbaBackend" name="test_50_cycle_requires_published_template" time="0.161" /><testcase classname="tests.backend_test.TestKlecbaBackend" name="test_51_create_active_cycle" time="0.125" /><testcase classname="tests.backend_test.TestKlecbaBackend" name="test_52_delete_template_used_by_cycle_blocked" time="0.037" /><testcase classname="tests.backend_test.TestKlecbaBackend" name="test_60_student_cycles_listed" time="0.031" /><testcase classname="tests.backend_test.TestKlecbaBackend" name="test_61_no_profile_student_gets_empty" time="0.893" /><testcase classname="tests.backend_test.TestKlecbaBackend" name="test_62_cycle_context" time="0.035" /><testcase classname="tests.backend_test.TestKlecbaBackend" name="test_63_context_not_found_and_forbidden" time="0.119" /><testcase classname="tests.backend_test.TestKlecbaBackend" name="test_64_save_draft" time="0.146" /><testcase classname="tests.backend_test.TestKlecbaBackend" name="test_65_submit_and_reject_duplicate" time="0.280" /><testcase classname="tests.backend_test.TestKlecbaBackend" name="test_66_delete_cycle_with_submissions_blocked" time="0.036" /><testcase classname="tests.backend_test.TestKlecbaBackend" name="test_70_responses_and_filters" time="0.300" /><testcase classname="tests.backend_test.TestKlecbaBackend" name="test_71_analytics_summary" time="0.043" /><testcase classname="tests.backend_test.TestKlecbaBackend" name="test_72_export_csv" time="0.043" /><testcase classname="tests.backend_test.TestKlecbaBackend" name="test_73_export_xlsx" time="0.083" /><testcase classname="tests.backend_test.TestKlecbaBackend" name="test_74_export_requires_admin" time="0.036" /><testcase classname="tests.backend_test.TestKlecbaBackend" name="test_80_expired_session_rejected" time="0.831" /><testcase classname="tests.backend_test.TestKlecbaBackend" name="test_81_invalid_token_rejected" time="0.097" /><testcase classname="tests.backend_test.TestKlecbaBackend" name="test_99_cleanup" time="0.895" /></testsuite></testsuites>