<?xml version="1.0" encoding="utf-8"?><testsuites name="pytest tests"><testsuite name="pytest" errors="0" failures="0" skipped="0" tests="63" time="14.812" timestamp="2026-08-27T12:30:34.089442+00:00" hostname="agent-env-e2c88600-da9d-4267-a451-075ccf4f2711"><testcase classname="tests.test_dev_preview.TestDevPreview" name="test_preview_role_login[student-preview.student@klecba.edu.in]" time="0.463" /><testcase classname="tests.backend_test.TestKlecbaBackend" name="test_00_root" time="0.124" /><testcase classname="tests.backend_test.TestKlecbaBackend" name="test_01_admin_login_success" time="0.582" /><testcase classname="tests.test_dev_preview.TestDevPreview" name="test_preview_role_login[faculty-preview.faculty@klecba.edu.in]" time="0.169" /><testcase classname="tests.test_dev_preview.TestDevPreview" name="test_preview_role_login[admin-preview.admin@klecba.edu.in]" time="0.147" /><testcase classname="tests.backend_test.TestKlecbaBackend" name="test_02_admin_login_wrong_password" time="0.361" /><testcase classname="tests.test_dev_preview.TestDevPreview" name="test_invalid_role_rejected" time="0.245" /><testcase classname="tests.test_dev_preview.TestDevPreview" name="test_missing_role_rejected" time="0.110" /><testcase classname="tests.backend_test.TestKlecbaBackend" name="test_03_admin_login_wrong_email" time="0.126" /><testcase classname="tests.test_dev_preview.TestDevPreview" name="test_accounts_are_stable_across_calls" time="0.190" /><testcase classname="tests.backend_test.TestKlecbaBackend" name="test_04_admin_login_missing_fields" time="0.072" /><testcase classname="tests.backend_test.TestKlecbaBackend" name="test_05_me_unauthenticated" time="0.080" /><testcase classname="tests.backend_test.TestKlecbaBackend" name="test_06_google_session_requires_session_id" time="0.073" /><testcase classname="tests.backend_test.TestKlecbaBackend" name="test_07_google_session_invalid_id" time="0.462" /><testcase classname="tests.test_dev_preview.TestPreviewRBAC" name="test_admin_preview_can_access_analytics" time="1.502" /><testcase classname="tests.test_dev_preview.TestPreviewRBAC" name="test_faculty_preview_insights_and_403" time="0.242" /><testcase classname="tests.backend_test.TestKlecbaBackend" name="test_10_seed" time="1.136" /><testcase classname="tests.backend_test.TestKlecbaBackend" name="test_11_seed_requires_admin" time="0.039" /><testcase classname="tests.backend_test.TestKlecbaBackend" name="test_12_structure_crud[departments-payload0]" time="0.534" /><testcase classname="tests.test_dev_preview.TestPreviewRBAC" name="test_student_preview_cycles_and_403" time="0.313" /><testcase classname="tests.test_dev_preview.TestPreviewRBAC" name="test_student_preview_has_profile" time="0.175" /><testcase classname="tests.test_dev_preview.TestAuthRegressions" name="test_admin_password_login_still_works" time="0.362" /><testcase classname="tests.backend_test.TestKlecbaBackend" name="test_12_structure_crud[programs-payload1]" time="0.950" /><testcase classname="tests.test_dev_preview.TestAuthRegressions" name="test_admin_login_bad_password" time="0.297" /><testcase classname="tests.test_dev_preview.TestAuthRegressions" name="test_seed_endpoint_works" time="0.046" /><testcase classname="tests.test_dev_preview.TestAuthRegressions" name="test_unauthenticated_me_is_401" time="0.097" /><testcase classname="tests.backend_test.TestKlecbaBackend" name="test_12_structure_crud[academic_years-payload2]" time="0.482" /><testcase classname="tests.backend_test.TestKlecbaBackend" name="test_12_structure_crud[year_levels-payload3]" time="0.527" /><testcase classname="tests.backend_test.TestKlecbaBackend" name="test_12_structure_crud[semesters-payload4]" time="0.648" /><testcase classname="tests.backend_test.TestKlecbaBackend" name="test_12_structure_crud[divisions-payload5]" time="0.568" /><testcase classname="tests.backend_test.TestKlecbaBackend" name="test_12_structure_crud[subjects-payload6]" time="0.502" /><testcase classname="tests.backend_test.TestKlecbaBackend" name="test_13_structure_write_requires_auth[departments]" time="0.134" /><testcase classname="tests.backend_test.TestKlecbaBackend" name="test_13_structure_write_requires_auth[programs]" time="0.180" /><testcase classname="tests.backend_test.TestKlecbaBackend" name="test_13_structure_write_requires_auth[subjects]" time="0.147" /><testcase classname="tests.backend_test.TestKlecbaBackend" name="test_13_structure_write_requires_auth[divisions]" time="0.217" /><testcase classname="tests.backend_test.TestKlecbaBackend" name="test_14_structure_write_forbidden_for_student" time="0.485" /><testcase classname="tests.backend_test.TestKlecbaBackend" name="test_15_admin_only_endpoints_reject_student" time="0.255" /><testcase classname="tests.backend_test.TestKlecbaBackend" name="test_20_create_faculty_and_assignment" time="0.314" /><testcase classname="tests.backend_test.TestKlecbaBackend" name="test_21_assignment_validation" time="0.034" /><testcase classname="tests.backend_test.TestKlecbaBackend" name="test_22_faculty_requires_email" time="0.031" /><testcase classname="tests.backend_test.TestKlecbaBackend" name="test_23_assignments_reject_anon" time="0.033" /><testcase classname="tests.backend_test.TestKlecbaBackend" name="test_30_students_list_and_profile_upsert" time="0.162" /><testcase classname="tests.backend_test.TestKlecbaBackend" name="test_31_profile_requires_user_id" time="0.078" /><testcase classname="tests.backend_test.TestKlecbaBackend" name="test_40_template_lifecycle" time="0.447" /><testcase classname="tests.backend_test.TestKlecbaBackend" name="test_41_publish_missing_template" time="0.035" /><testcase classname="tests.backend_test.TestKlecbaBackend" name="test_50_cycle_requires_published_template" time="0.146" /><testcase classname="tests.backend_test.TestKlecbaBackend" name="test_51_create_active_cycle" time="0.124" /><testcase classname="tests.backend_test.TestKlecbaBackend" name="test_52_delete_template_used_by_cycle_blocked" time="0.050" /><testcase classname="tests.backend_test.TestKlecbaBackend" name="test_60_student_cycles_listed" time="0.076" /><testcase classname="tests.backend_test.TestKlecbaBackend" name="test_61_no_profile_student_gets_empty" time="0.920" /><testcase classname="tests.backend_test.TestKlecbaBackend" name="test_62_cycle_context" time="0.042" /><testcase classname="tests.backend_test.TestKlecbaBackend" name="test_63_context_not_found_and_forbidden" time="0.088" /><testcase classname="tests.backend_test.TestKlecbaBackend" name="test_64_save_draft" time="0.138" /><testcase classname="tests.backend_test.TestKlecbaBackend" name="test_65_submit_and_reject_duplicate" time="0.282" /><testcase classname="tests.backend_test.TestKlecbaBackend" name="test_66_delete_cycle_with_submissions_blocked" time="0.074" /><testcase classname="tests.backend_test.TestKlecbaBackend" name="test_70_responses_and_filters" time="0.345" /><testcase classname="tests.backend_test.TestKlecbaBackend" name="test_71_analytics_summary" time="0.096" /><testcase classname="tests.backend_test.TestKlecbaBackend" name="test_72_export_csv" time="0.032" /><testcase classname="tests.backend_test.TestKlecbaBackend" name="test_73_export_xlsx" time="0.081" /><testcase classname="tests.backend_test.TestKlecbaBackend" name="test_74_export_requires_admin" time="0.074" /><testcase classname="tests.backend_test.TestKlecbaBackend" name="test_80_expired_session_rejected" time="0.852" /><testcase classname="tests.backend_test.TestKlecbaBackend" name="test_81_invalid_token_rejected" time="0.082" /><testcase classname="tests.backend_test.TestKlecbaBackend" name="test_99_cleanup" time="0.936" /></testsuite></testsuites>